{
  "Cucumber Features": {
    "coverage": {
      "C:/Users/Eric/Documents/GitHub/ReminderEmailer/ReminderEmailer/app/models/user.rb": [
        1,
        1,
        null,
        1,
        1,
        1,
        1,
        null,
        null,
        null,
        1,
        null,
        null,
        null,
        1,
        null,
        1,
        0,
        null,
        null,
        null
      ],
      "C:/Users/Eric/Documents/GitHub/ReminderEmailer/ReminderEmailer/app/controllers/application_controller.rb": [
        1,
        1,
        null
      ],
      "C:/Users/Eric/Documents/GitHub/ReminderEmailer/ReminderEmailer/app/helpers/application_helper.rb": [
        1,
        1,
        0,
        null,
        null,
        1,
        0,
        null,
        null,
        1,
        0,
        null,
        null
      ],
      "C:/Users/Eric/Documents/GitHub/ReminderEmailer/ReminderEmailer/app/helpers/api_keys_helper.rb": [
        1,
        null
      ],
      "C:/Users/Eric/Documents/GitHub/ReminderEmailer/ReminderEmailer/app/helpers/home_helper.rb": [
        1,
        null
      ],
      "C:/Users/Eric/Documents/GitHub/ReminderEmailer/ReminderEmailer/app/helpers/reminders_helper.rb": [
        1,
        null
      ],
      "C:/Users/Eric/Documents/GitHub/ReminderEmailer/ReminderEmailer/app/controllers/api/v1/active_events_controller.rb": [
        1,
        1,
        1,
        1,
        1,
        null,
        1,
        0,
        0,
        null,
        0,
        null,
        0,
        0,
        null,
        0,
        null,
        null,
        1,
        0,
        0,
        0,
        0,
        null,
        0,
        null,
        0,
        0,
        0,
        null,
        0,
        null,
        null,
        1,
        0,
        0,
        0,
        null,
        0,
        null,
        null,
        1,
        0,
        0,
        0,
        null,
        null,
        1,
        1,
        null,
        0,
        0,
        0,
        0,
        null,
        0,
        null,
        null,
        null,
        null,
        null
      ],
      "C:/Users/Eric/Documents/GitHub/ReminderEmailer/ReminderEmailer/app/models/active_event.rb": [
        1,
        1,
        1,
        null
      ],
      "C:/Users/Eric/Documents/GitHub/ReminderEmailer/ReminderEmailer/app/controllers/api/v1/plugin_descriptors_controller.rb": [
        1,
        1,
        1,
        1,
        1,
        null,
        1,
        0,
        0,
        null,
        null,
        1,
        1,
        null,
        0,
        0,
        0,
        0,
        null,
        0,
        null,
        null,
        null,
        null,
        null
      ],
      "C:/Users/Eric/Documents/GitHub/ReminderEmailer/ReminderEmailer/app/models/plugin_descriptor.rb": [
        1,
        1,
        null
      ],
      "C:/Users/Eric/Documents/GitHub/ReminderEmailer/ReminderEmailer/app/controllers/api/v1/reminders_controller.rb": [
        1,
        1,
        1,
        1,
        1,
        null,
        1,
        0,
        0,
        0,
        null,
        0,
        null,
        0,
        0,
        null,
        0,
        0,
        0,
        null,
        null,
        1,
        0,
        0,
        null,
        null,
        1,
        0,
        null,
        0,
        0,
        0,
        0,
        0,
        null,
        0,
        null,
        0,
        0,
        0,
        0,
        0,
        0,
        null,
        null,
        1,
        0,
        null,
        0,
        0,
        null,
        0,
        0,
        null,
        0,
        0,
        0,
        0,
        0,
        0,
        0,
        0,
        null,
        null,
        1,
        0,
        0,
        0,
        null,
        null,
        1,
        1,
        null,
        0,
        0,
        null,
        0,
        0,
        0,
        0,
        null,
        0,
        null,
        null,
        null,
        null,
        null,
        null
      ],
      "C:/Users/Eric/Documents/GitHub/ReminderEmailer/ReminderEmailer/app/models/reminder.rb": [
        1,
        1,
        1,
        1,
        null,
        1,
        null,
        0,
        0,
        null,
        0,
        null,
        0,
        null,
        0,
        null,
        0,
        null,
        null,
        1,
        0,
        0,
        0,
        null,
        0,
        0,
        0,
        null,
        0,
        0,
        0,
        0,
        0,
        0,
        0,
        0,
        0,
        0,
        0,
        0,
        0,
        0,
        0,
        0,
        null,
        null,
        0,
        0,
        0,
        0,
        0,
        0,
        0,
        0,
        0,
        null,
        null,
        null,
        0,
        null,
        null,
        1,
        1,
        0,
        0,
        0,
        null,
        null,
        null
      ],
      "C:/Users/Eric/Documents/GitHub/ReminderEmailer/ReminderEmailer/app/controllers/api/v1/users_controller.rb": [
        1,
        1,
        1,
        1,
        1,
        null,
        1,
        0,
        0,
        null,
        null,
        1,
        0,
        0,
        0,
        null,
        null,
        1,
        1,
        0,
        0,
        null,
        0,
        0,
        0,
        0,
        null,
        null,
        0,
        null,
        null,
        null,
        null,
        null
      ],
      "C:/Users/Eric/Documents/GitHub/ReminderEmailer/ReminderEmailer/app/controllers/api_keys_controller.rb": [
        1,
        1,
        0,
        null,
        null,
        1,
        0,
        0,
        null,
        null,
        1,
        0,
        0,
        null,
        null
      ],
      "C:/Users/Eric/Documents/GitHub/ReminderEmailer/ReminderEmailer/app/models/api_key.rb": [
        1,
        1,
        1,
        1,
        null,
        1,
        1,
        null,
        0,
        0,
        null,
        null
      ],
      "C:/Users/Eric/Documents/GitHub/ReminderEmailer/ReminderEmailer/app/controllers/groups_controller.rb": [
        1,
        1,
        null,
        1,
        0,
        0,
        0,
        null,
        0,
        0,
        0,
        null,
        0,
        0,
        0,
        null,
        null,
        null,
        0,
        0,
        0,
        null,
        0,
        null,
        null,
        null,
        null,
        1,
        0,
        0,
        0,
        0,
        0,
        null,
        null,
        1,
        0,
        null,
        null,
        null,
        1,
        0,
        0,
        0,
        0,
        0,
        0,
        0,
        0,
        null,
        null,
        0,
        null,
        null,
        1,
        0,
        0,
        0,
        0,
        null,
        null,
        1,
        0,
        0,
        0,
        null,
        null,
        1,
        0,
        0,
        null,
        0,
        0,
        null,
        null,
        0,
        null,
        null,
        1,
        0,
        0,
        0,
        0,
        null,
        0,
        0,
        0,
        0,
        0,
        null,
        0,
        null,
        null,
        null,
        null,
        1,
        0,
        0,
        0,
        0,
        null,
        0,
        null,
        null,
        1,
        0,
        0,
        0,
        0,
        0,
        null,
        null,
        0,
        null,
        null,
        1,
        0,
        0,
        0,
        0,
        0,
        null,
        null,
        0,
        null,
        null,
        1,
        0,
        0,
        0,
        0,
        null,
        null,
        null
      ],
      "C:/Users/Eric/Documents/GitHub/ReminderEmailer/ReminderEmailer/app/models/group.rb": [
        1,
        1,
        1,
        1,
        null,
        1,
        null
      ],
      "C:/Users/Eric/Documents/GitHub/ReminderEmailer/ReminderEmailer/app/controllers/home_controller.rb": [
        1,
        1,
        null,
        null
      ],
      "C:/Users/Eric/Documents/GitHub/ReminderEmailer/ReminderEmailer/app/controllers/plugin_descriptors_controller.rb": [
        1,
        1,
        null,
        1,
        0,
        null,
        null,
        1,
        0,
        null,
        null,
        1,
        null,
        null,
        null,
        1,
        0,
        0,
        null,
        null,
        1,
        0,
        null,
        null,
        1,
        0,
        0,
        0,
        null,
        null,
        1,
        0,
        0,
        0,
        null,
        null
      ],
      "C:/Users/Eric/Documents/GitHub/ReminderEmailer/ReminderEmailer/app/controllers/reminders_controller.rb": [
        1,
        1,
        null,
        1,
        0,
        0,
        null,
        null,
        1,
        0,
        0,
        null,
        null,
        1,
        0,
        0,
        0,
        0,
        0,
        0,
        0,
        0,
        null,
        null,
        1,
        0,
        0,
        null,
        null
      ],
      "C:/Users/Eric/Documents/GitHub/ReminderEmailer/ReminderEmailer/app/controllers/users_controller.rb": [
        1,
        1,
        null,
        1,
        0,
        null,
        null,
        1,
        0,
        0,
        null,
        null,
        null,
        null
      ],
      "C:/Users/Eric/Documents/GitHub/ReminderEmailer/ReminderEmailer/app/models/groups_user.rb": [
        1,
        1,
        1,
        null,
        1,
        null,
        1,
        0,
        0,
        0,
        null,
        0,
        null,
        null,
        null,
        1,
        0,
        0,
        0,
        null,
        0,
        null,
        null,
        null
      ]
    },
    "timestamp": 1367872253
  },
  "RSpec": {
    "coverage": {
      "/home/ubuntu/Documents/ReminderEmailer/ReminderEmailer/app/models/user.rb": [
        1,
        1,
        null,
        1,
        1,
        1,
        null,
        null,
        null,
        1,
        null,
        null,
        null,
        1,
        null,
        1,
        0,
        null,
        null,
        null
      ],
      "/home/ubuntu/Documents/ReminderEmailer/ReminderEmailer/app/controllers/application_controller.rb": [
        1,
        1,
        null
      ],
      "/home/ubuntu/Documents/ReminderEmailer/ReminderEmailer/app/helpers/application_helper.rb": [
        1,
        null
      ],
      "/home/ubuntu/Documents/ReminderEmailer/ReminderEmailer/app/helpers/api_keys_helper.rb": [
        1,
        null
      ],
      "/home/ubuntu/Documents/ReminderEmailer/ReminderEmailer/app/helpers/home_helper.rb": [
        1,
        null
      ],
      "/home/ubuntu/Documents/ReminderEmailer/ReminderEmailer/app/helpers/reminders_helper.rb": [
        1,
        null
      ],
      "/home/ubuntu/Documents/ReminderEmailer/ReminderEmailer/app/controllers/api/v1/reminders_controller.rb": [
        1,
        1,
        1,
        1,
        1,
        null,
        1,
        0,
        0,
        0,
        null,
        0,
        null,
        0,
        0,
        0,
        null,
        0,
        null,
        null,
        1,
        0,
        0,
        null,
        null,
        1,
        0,
        0,
        0,
        null,
        null,
        1,
        0,
        0,
        0,
        0,
        0,
        null,
        null,
        1,
        0,
        0,
        0,
        null,
        null,
        1,
        1,
        null,
        0,
        0,
        null,
        0,
        0,
        0,
        null,
        0,
        0,
        0,
        null,
        null,
        0,
        null,
        null,
        null,
        null,
        null,
        null
      ],
      "/home/ubuntu/Documents/ReminderEmailer/ReminderEmailer/app/models/reminder.rb": [
        1,
        1,
        1,
        null,
        1,
        null,
        0,
        0,
        null,
        0,
        0,
        null,
        0,
        null,
        0,
        0,
        null,
        0,
        null,
        null,
        1,
        0,
        0,
        0,
        null,
        0,
        0,
        0,
        null,
        0,
        0,
        0,
        0,
        0,
        0,
        0,
        0,
        0,
        0,
        0,
        null,
        0,
        0,
        null,
        null,
        0,
        0,
        0,
        0,
        0,
        0,
        0,
        0,
        null,
        null,
        null,
        0,
        null,
        null
      ],
      "/home/ubuntu/Documents/ReminderEmailer/ReminderEmailer/app/controllers/api/v1/users_controller.rb": [
        1,
        1,
        1,
        1,
        1,
        null,
        1,
        0,
        0,
        null,
        null,
        1,
        1,
        0,
        0,
        null,
        0,
        0,
        0,
        0,
        null,
        null,
        0,
        null,
        null,
        null,
        null,
        null
      ],
      "/home/ubuntu/Documents/ReminderEmailer/ReminderEmailer/app/controllers/api_keys_controller.rb": [
        1,
        1,
        0,
        null,
        null,
        1,
        0,
        0,
        null,
        null
      ],
      "/home/ubuntu/Documents/ReminderEmailer/ReminderEmailer/app/models/api_key.rb": [
        1,
        1,
        1,
        1,
        null,
        1,
        1,
        null,
        0,
        0,
        null,
        null
      ],
      "/home/ubuntu/Documents/ReminderEmailer/ReminderEmailer/app/controllers/groups_controller.rb": [
        1,
        1,
        null,
        1,
        0,
        null,
        null,
        1,
        0,
        0,
        0,
        0,
        null,
        null,
        1,
        0,
        null,
        null,
        null,
        1,
        0,
        0,
        0,
        null,
        null,
        1,
        0,
        0,
        0,
        0,
        null,
        null,
        1,
        0,
        0,
        null,
        null,
        1,
        0,
        0,
        null,
        0,
        0,
        null,
        null,
        0,
        null,
        null,
        1,
        0,
        0,
        0,
        0,
        null,
        0,
        0,
        0,
        0,
        null,
        null,
        null,
        1,
        0,
        0,
        0,
        0,
        0,
        null,
        null,
        0,
        null,
        null,
        1,
        0,
        0,
        0,
        0,
        0,
        null,
        null,
        0,
        null,
        null,
        1,
        0,
        0,
        0,
        0,
        null,
        null,
        null
      ],
      "/home/ubuntu/Documents/ReminderEmailer/ReminderEmailer/app/models/group.rb": [
        1,
        1,
        1,
        1,
        null,
        1,
        null
      ],
      "/home/ubuntu/Documents/ReminderEmailer/ReminderEmailer/app/controllers/home_controller.rb": [
        1,
        1,
        null,
        null
      ],
      "/home/ubuntu/Documents/ReminderEmailer/ReminderEmailer/app/controllers/reminders_controller.rb": [
        1,
        1,
        null,
        1,
        null,
        null,
        null,
        1,
        0,
        0,
        null,
        null,
        1,
        0,
        null,
        null,
        1,
        0,
        0,
        null,
        null,
        null
      ],
      "/home/ubuntu/Documents/ReminderEmailer/ReminderEmailer/app/models/groups_user.rb": [
        1,
        1,
        1,
        null,
        1,
        null,
        1,
        0,
        0,
        0,
        null,
        0,
        null,
        null,
        null,
        1,
        0,
        0,
        0,
        null,
        0,
        null,
        null,
        null
      ]
    },
    "timestamp": 1366938959
  }
}
